C O R R E C T I O N S      o f      w e b M C T e s t
 
fzampirolli@ufabc.edu.br  ,  2019-11-20  19:39:06.940644 
Pag,ID,Resp,Quest,Inv,Nota,1,2,3,4,5,6,7,8,9,10,11,12
1,21031311,5,12,0,0 , A,D,C,C,E,B,A,B,E,B,B,C
2,11117713,5,12,0,1 , B/A,C/D,B/C,D/C,D/E,A/B,B/A,C/B,E,E/B,A/B,A/C,
3,11027215,5,12,0,1 , C/A,E/D,D/C,C,B/E,D/B,D/A,D/B,A/E,C/B,C/B,E/C,
 
fzampirolli@ufabc.edu.br  ,  2019-11-20  19:42:04.764407 
Pag,ID,Resp,Quest,Inv,Nota,1,2,3,4,5,6,7,8,9,10,11,12
1,21031311,5,12,0,0 , A,D,C,C,E,B,A,B,E,B,B,C
2,11117713,5,12,0,1 , B/A,C/D,B/C,D/C,D/E,A/B,B/A,C/B,E,E/B,A/B,A/C,
3,11027215,5,12,0,1 , C/A,E/D,D/C,C,B/E,D/B,D/A,D/B,A/E,C/B,C/B,E/C,
 
fzampirolli@ufabc.edu.br  ,  2019-11-20  19:42:42.504707 
Pag,ID,Resp,Quest,Inv,Nota,1,2,3,4,5,6,7,8,9,10,11,12,1,2,3,4,5,6,7,8,9,10,11,12
1,21031311,5,12,0,8 , A,D,C,C,E/B,B,A/E,B,E/A,B/D,B,C , 129703421,129213204,129814032,131424031,131940312,129010324,129531420,129420341,130303142,131342103,130440213,131142013
2,11117713,5,12,0,5 , B/C,C/B,B/D,D/C,D,A/E,B/D,C,E,E/A,A,A , 132023041,130520314,130921403,130243021,132124301,129213420,129513402,129832014,129034120,131303412,130303241,131803214
3,11027215,5,12,0,9 , C,E,D,C,B,D,D/A,D,A/E,C,C/B,E , 129142031,131042130,129534201,129641023,129410342,129721304,131303124,129042301,130741320,130434012,130120134,131112340
 
fzampirolli@ufabc.edu.br  ,  2019-11-20  19:44:29.845395 
Pag,ID,Resp,Quest,Inv,Nota,1,2,3,4,5,6,7,8,9,10,11,12,1,2,3,4,5,6,7,8,9,10,11,12
1,21031311,5,12,0,8 , A,D,C,C,E/B,B,A/E,B,E/A,B/D,B,C , 129703421,129213204,129814032,131424031,131940312,129010324,129531420,129420341,130303142,131342103,130440213,131142013
2,11117713,5,12,0,5 , B/C,C/B,B/D,D/C,D,A/E,B/D,C,E,E/A,A,A , 132023041,130520314,130921403,130243021,132124301,129213420,129513402,129832014,129034120,131303412,130303241,131803214
3,11027215,5,12,0,9 , C,E,D,C,B,D,D/A,D,A/E,C,C/B,E , 129142031,131042130,129534201,129641023,129410342,129721304,131303124,129042301,130741320,130434012,130120134,131112340
 
fzampirolli@ufabc.edu.br  ,  2019-11-20  20:16:39.353272 
Pag,ID,Resp,Quest,Inv,Nota,1,2,3,4,5,6,7,8,9,10,11,12,1,2,3,4,5,6,7,8,9,10,11,12
1,21031311,5,12,0,8 , A,D,C,C,E/B,B,A/E,B,E/A,B/D,B,C , 129703421,129213204,129814032,131424031,131940312,129010324,129531420,129420341,130303142,131342103,130440213,131142013
2,11117713,5,12,0,5 , B/C,C/B,B/D,D/C,D,A/E,B/D,C,E,E/A,A,A , 132023041,130520314,130921403,130243021,132124301,129213420,129513402,129832014,129034120,131303412,130303241,131803214
3,11027215,5,12,0,9 , C,E,D,C,B,D,D/A,D,A/E,C,C/B,E , 129142031,131042130,129534201,129641023,129410342,129721304,131303124,129042301,130741320,130434012,130120134,131112340
 
fzampirolli@ufabc.edu.br  ,  2019-11-20  20:18:42.961051 
Pag,ID,Resp,Quest,Inv,Nota,1,2,3,4,5,6,7,8,9,10,11,12,1,2,3,4,5,6,7,8,9,10,11,12
1,21031311,5,12,0,8 , A,D,C,C,E/B,B,A/E,B,E/A,B/D,B,C , 129703421,129213204,129814032,131424031,131940312,129010324,129531420,129420341,130303142,131342103,130440213,131142013
2,11117713,5,12,0,5 , B/C,C/B,B/D,D/C,D,A/E,B/D,C,E,E/A,A,A , 132023041,130520314,130921403,130243021,132124301,129213420,129513402,129832014,129034120,131303412,130303241,131803214
3,11027215,5,12,0,9 , C,E,D,C,B,D,D/A,D,A/E,C,C/B,E , 129142031,131042130,129534201,129641023,129410342,129721304,131303124,129042301,130741320,130434012,130120134,131112340
 
fzampirolli@ufabc.edu.br  ,  2019-11-20  20:20:05.629780 
Pag,ID,Resp,Quest,Inv,Nota,1,2,3,4,5,6,7,8,9,10,11,12,1,2,3,4,5,6,7,8,9,10,11,12
1,21031311,5,12,0,8 , A,D,C,C,E/B,B,A/E,B,E/A,B/D,B,C , 129703421,129213204,129814032,131424031,131940312,129010324,129531420,129420341,130303142,131342103,130440213,131142013
2,11117713,5,12,0,5 , B/C,C/B,B/D,D/C,D,A/E,B/D,C,E,E/A,A,A , 132023041,130520314,130921403,130243021,132124301,129213420,129513402,129832014,129034120,131303412,130303241,131803214
3,11027215,5,12,0,9 , C,E,D,C,B,D,D/A,D,A/E,C,C/B,E , 129142031,131042130,129534201,129641023,129410342,129721304,131303124,129042301,130741320,130434012,130120134,131112340
 
fzampirolli@ufabc.edu.br  ,  2019-11-20  20:20:54.846557 
Pag,ID,Resp,Quest,Inv,Nota,1,2,3,4,5,6,7,8,9,10,11,12,1,2,3,4,5,6,7,8,9,10,11,12
1,21031311,5,12,0,8 , A,D,C,C,E/B,B,A/E,B,E/A,B/D,B,C , 129703421,129213204,129814032,131424031,131940312,129010324,129531420,129420341,130303142,131342103,130440213,131142013
2,11117713,5,12,0,5 , B/C,C/B,B/D,D/C,D,A/E,B/D,C,E,E/A,A,A , 132023041,130520314,130921403,130243021,132124301,129213420,129513402,129832014,129034120,131303412,130303241,131803214
3,11027215,5,12,0,9 , C,E,D,C,B,D,D/A,D,A/E,C,C/B,E , 129142031,131042130,129534201,129641023,129410342,129721304,131303124,129042301,130741320,130434012,130120134,131112340
 
fzampirolli@ufabc.edu.br  ,  2019-11-20  20:21:38.637242 
Pag,ID,Resp,Quest,Inv,Nota,1,2,3,4,5,6,7,8,9,10,11,12,1,2,3,4,5,6,7,8,9,10,11,12
1,21031311,5,12,0,8 , A,D,C,C,E/B,B,A/E,B,E/A,B/D,B,C , 129703421,129213204,129814032,131424031,131940312,129010324,129531420,129420341,130303142,131342103,130440213,131142013
2,11117713,5,12,0,5 , B/C,C/B,B/D,D/C,D,A/E,B/D,C,E,E/A,A,A , 132023041,130520314,130921403,130243021,132124301,129213420,129513402,129832014,129034120,131303412,130303241,131803214
3,11027215,5,12,0,9 , C,E,D,C,B,D,D/A,D,A/E,C,C/B,E , 129142031,131042130,129534201,129641023,129410342,129721304,131303124,129042301,130741320,130434012,130120134,131112340
 
fzampirolli@ufabc.edu.br  ,  2019-11-20  20:35:34.181282 
Pag,ID,Resp,Quest,Inv,Nota,1,2,3,4,5,6,7,8,9,10,11,12,1,2,3,4,5,6,7,8,9,10,11,12
1,21031311,5,12,0,8 , A,D,C,C,E/B,B,A/E,B,E/A,B/D,B,C , 129703421,129213204,129814032,131424031,131940312,129010324,129531420,129420341,130303142,131342103,130440213,131142013
2,11117713,5,12,0,5 , B/C,C/B,B/D,D/C,D,A/E,B/D,C,E,E/A,A,A , 132023041,130520314,130921403,130243021,132124301,129213420,129513402,129832014,129034120,131303412,130303241,131803214
3,11027215,5,12,0,9 , C,E,D,C,B,D,D/A,D,A/E,C,C/B,E , 129142031,131042130,129534201,129641023,129410342,129721304,131303124,129042301,130741320,130434012,130120134,131112340
 
fzampirolli@ufabc.edu.br  ,  2019-11-20  20:36:39.080357 
Pag,ID,Resp,Quest,Inv,Nota,1,2,3,4,5,6,7,8,9,10,11,12,1,2,3,4,5,6,7,8,9,10,11,12
1,21031311,5,12,0,8 , A,D,C,C,E/B,B,A/E,B,E/A,B/D,B,C , 129703421,129213204,129814032,131424031,131940312,129010324,129531420,129420341,130303142,131342103,130440213,131142013
2,11117713,5,12,0,5 , B/C,C/B,B/D,D/C,D,A/E,B/D,C,E,E/A,A,A , 132023041,130520314,130921403,130243021,132124301,129213420,129513402,129832014,129034120,131303412,130303241,131803214
3,11027215,5,12,0,9 , C,E,D,C,B,D,D/A,D,A/E,C,C/B,E , 129142031,131042130,129534201,129641023,129410342,129721304,131303124,129042301,130741320,130434012,130120134,131112340
 
fzampirolli@ufabc.edu.br  ,  2019-11-20  20:37:19.138364 
Pag,ID,Resp,Quest,Inv,Nota,1,2,3,4,5,6,7,8,9,10,11,12,1,2,3,4,5,6,7,8,9,10,11,12
1,21031311,5,12,0,8 , A,D,C,C,E/B,B,A/E,B,E/A,B/D,B,C , 129703421,129213204,129814032,131424031,131940312,129010324,129531420,129420341,130303142,131342103,130440213,131142013
2,11117713,5,12,0,5 , B/C,C/B,B/D,D/C,D,A/E,B/D,C,E,E/A,A,A , 132023041,130520314,130921403,130243021,132124301,129213420,129513402,129832014,129034120,131303412,130303241,131803214
3,11027215,5,12,0,9 , C,E,D,C,B,D,D/A,D,A/E,C,C/B,E , 129142031,131042130,129534201,129641023,129410342,129721304,131303124,129042301,130741320,130434012,130120134,131112340
 
fzampirolli@ufabc.edu.br  ,  2019-11-20  21:05:15.930641 
Pag,ID,Resp,Quest,Inv,Nota,1,2,3,4,5,6,7,8,9,10,11,12
1,21031311,5,12,0,0 , A,D,C,C,E,B,A,B,E,B,B,C
2,11117713,5,12,0,1 , B/A,C/D,B/C,D/C,D/E,A/B,B/A,C/B,E,E/B,A/B,A/C,
3,11027215,5,12,0,1 , C/A,E/D,D/C,C,B/E,D/B,D/A,D/B,A/E,C/B,C/B,E/C,
 
fzampirolli@ufabc.edu.br  ,  2019-11-20  21:11:22.697357 
Pag,ID,Resp,Quest,Inv,Nota,1,2,3,4,5,6,7,8,9,10,11,12,1,2,3,4,5,6,7,8,9,10,11,12
1,21031311,5,12,0,8 , A,D,C,C,E/B,B,A/E,B,E/A,B/D,B,C , 129703421,129213204,129814032,131424031,131940312,129010324,129531420,129420341,130303142,131342103,130440213,131142013
2,11117713,5,12,0,5 , B/C,C/B,B/D,D/C,D,A/E,B/D,C,E,E/A,A,A , 132023041,130520314,130921403,130243021,132124301,129213420,129513402,129832014,129034120,131303412,130303241,131803214
3,11027215,5,12,0,9 , C,E,D,C,B,D,D/A,D,A/E,C,C/B,E , 129142031,131042130,129534201,129641023,129410342,129721304,131303124,129042301,130741320,130434012,130120134,131112340
 
fzampirolli@ufabc.edu.br  ,  2019-11-20  21:13:31.552410 
Pag,ID,Resp,Quest,Inv,Nota,1,2,3,4,5,6,7,8,9,10,11,12,1,2,3,4,5,6,7,8,9,10,11,12
1,21031311,5,12,0,8 , A,D,C,C,E/B,B,A/E,B,E/A,B/D,B,C , 129703421,129213204,129814032,131424031,131940312,129010324,129531420,129420341,130303142,131342103,130440213,131142013
2,11117713,5,12,0,5 , B/C,C/B,B/D,D/C,D,A/E,B/D,C,E,E/A,A,A , 132023041,130520314,130921403,130243021,132124301,129213420,129513402,129832014,129034120,131303412,130303241,131803214
3,11027215,5,12,0,9 , C,E,D,C,B,D,D/A,D,A/E,C,C/B,E , 129142031,131042130,129534201,129641023,129410342,129721304,131303124,129042301,130741320,130434012,130120134,131112340
 
fzampirolli@ufabc.edu.br  ,  2019-11-20  21:15:46.768312 
Pag,ID,Resp,Quest,Inv,Nota,1,2,3,4,5,6,7,8,9,10,11,12,1,2,3,4,5,6,7,8,9,10,11,12
1,21031311,5,12,0,8 , A,D,C,C,E/B,B,A/E,B,E/A,B/D,B,C , 129703421,129213204,129814032,131424031,131940312,129010324,129531420,129420341,130303142,131342103,130440213,131142013
2,11117713,5,12,0,5 , B/C,C/B,B/D,D/C,D,A/E,B/D,C,E,E/A,A,A , 132023041,130520314,130921403,130243021,132124301,129213420,129513402,129832014,129034120,131303412,130303241,131803214
3,11027215,5,12,0,9 , C,E,D,C,B,D,D/A,D,A/E,C,C/B,E , 129142031,131042130,129534201,129641023,129410342,129721304,131303124,129042301,130741320,130434012,130120134,131112340
